{"C:\\Users\\carol\\Blogversao2\\swagger.js": {"path":"C:\\Users\\carol\\Blogversao2\\swagger.js","statementMap":{"0":{"start":{"line":4,"column":16},"end":{"line":17,"column":1}},"1":{"start":{"line":19,"column":20},"end":{"line":19,"column":41}},"2":{"start":{"line":22,"column":2},"end":{"line":22,"column":70}}},"fnMap":{"0":{"name":"setupSwagger","decl":{"start":{"line":21,"column":16},"end":{"line":21,"column":28}},"loc":{"start":{"line":21,"column":34},"end":{"line":23,"column":1}},"line":21}},"branchMap":{},"s":{"0":2,"1":2,"2":2},"f":{"0":2},"b":{},"_coverageSchema":"1a1c01bbd47fc00a2c39e90264f33305004495a9","hash":"ffc4ce32674bea8081aa3eea82bb8511b02329a4"}
,"C:\\Users\\carol\\Blogversao2\\src\\app.js": {"path":"C:\\Users\\carol\\Blogversao2\\src\\app.js","statementMap":{"0":{"start":{"line":7,"column":12},"end":{"line":7,"column":21}},"1":{"start":{"line":10,"column":0},"end":{"line":10,"column":24}},"2":{"start":{"line":13,"column":0},"end":{"line":13,"column":65}},"3":{"start":{"line":13,"column":27},"end":{"line":13,"column":63}},"4":{"start":{"line":16,"column":0},"end":{"line":16,"column":17}},"5":{"start":{"line":19,"column":0},"end":{"line":19,"column":18}},"6":{"start":{"line":22,"column":0},"end":{"line":22,"column":18}},"7":{"start":{"line":25,"column":0},"end":{"line":25,"column":22}}},"fnMap":{"0":{"name":"(anonymous_0)","decl":{"start":{"line":13,"column":13},"end":{"line":13,"column":14}},"loc":{"start":{"line":13,"column":27},"end":{"line":13,"column":63}},"line":13}},"branchMap":{},"s":{"0":2,"1":2,"2":2,"3":1,"4":2,"5":2,"6":2,"7":2},"f":{"0":1},"b":{},"_coverageSchema":"1a1c01bbd47fc00a2c39e90264f33305004495a9","hash":"64edeb8c1b81a8099f6b801a0c58b12ac67b6ae8"}
,"C:\\Users\\carol\\Blogversao2\\src\\config\\dbConnect.js": {"path":"C:\\Users\\carol\\Blogversao2\\src\\config\\dbConnect.js","statementMap":{"0":{"start":{"line":5,"column":18},"end":{"line":5,"column":23}},"1":{"start":{"line":8,"column":4},"end":{"line":8,"column":48}},"2":{"start":{"line":8,"column":21},"end":{"line":8,"column":48}},"3":{"start":{"line":10,"column":4},"end":{"line":36,"column":5}},"4":{"start":{"line":13,"column":8},"end":{"line":22,"column":9}},"5":{"start":{"line":14,"column":12},"end":{"line":16,"column":15}},"6":{"start":{"line":17,"column":12},"end":{"line":17,"column":44}},"7":{"start":{"line":18,"column":12},"end":{"line":18,"column":70}},"8":{"start":{"line":20,"column":12},"end":{"line":20,"column":56}},"9":{"start":{"line":21,"column":12},"end":{"line":21,"column":88}},"10":{"start":{"line":21,"column":27},"end":{"line":21,"column":88}},"11":{"start":{"line":24,"column":8},"end":{"line":27,"column":11}},"12":{"start":{"line":29,"column":8},"end":{"line":29,"column":27}},"13":{"start":{"line":30,"column":8},"end":{"line":30,"column":52}},"14":{"start":{"line":31,"column":8},"end":{"line":31,"column":35}},"15":{"start":{"line":33,"column":8},"end":{"line":33,"column":69}},"16":{"start":{"line":34,"column":8},"end":{"line":34,"column":61}},"17":{"start":{"line":34,"column":45},"end":{"line":34,"column":61}},"18":{"start":{"line":35,"column":8},"end":{"line":35,"column":20}},"19":{"start":{"line":40,"column":4},"end":{"line":44,"column":5}},"20":{"start":{"line":41,"column":8},"end":{"line":41,"column":49}},"21":{"start":{"line":42,"column":8},"end":{"line":42,"column":42}},"22":{"start":{"line":43,"column":8},"end":{"line":43,"column":28}},"23":{"start":{"line":45,"column":4},"end":{"line":45,"column":46}},"24":{"start":{"line":45,"column":21},"end":{"line":45,"column":46}}},"fnMap":{"0":{"name":"conectaNaDatabase","decl":{"start":{"line":7,"column":15},"end":{"line":7,"column":32}},"loc":{"start":{"line":7,"column":35},"end":{"line":37,"column":1}},"line":7},"1":{"name":"disconnectTestDB","decl":{"start":{"line":39,"column":15},"end":{"line":39,"column":31}},"loc":{"start":{"line":39,"column":34},"end":{"line":46,"column":1}},"line":39}},"branchMap":{"0":{"loc":{"start":{"line":8,"column":4},"end":{"line":8,"column":48}},"type":"if","locations":[{"start":{"line":8,"column":4},"end":{"line":8,"column":48}},{"start":{},"end":{}}],"line":8},"1":{"loc":{"start":{"line":13,"column":8},"end":{"line":22,"column":9}},"type":"if","locations":[{"start":{"line":13,"column":8},"end":{"line":22,"column":9}},{"start":{"line":19,"column":15},"end":{"line":22,"column":9}}],"line":13},"2":{"loc":{"start":{"line":21,"column":12},"end":{"line":21,"column":88}},"type":"if","locations":[{"start":{"line":21,"column":12},"end":{"line":21,"column":88}},{"start":{},"end":{}}],"line":21},"3":{"loc":{"start":{"line":34,"column":8},"end":{"line":34,"column":61}},"type":"if","locations":[{"start":{"line":34,"column":8},"end":{"line":34,"column":61}},{"start":{},"end":{}}],"line":34},"4":{"loc":{"start":{"line":40,"column":4},"end":{"line":44,"column":5}},"type":"if","locations":[{"start":{"line":40,"column":4},"end":{"line":44,"column":5}},{"start":{},"end":{}}],"line":40},"5":{"loc":{"start":{"line":45,"column":4},"end":{"line":45,"column":46}},"type":"if","locations":[{"start":{"line":45,"column":4},"end":{"line":45,"column":46}},{"start":{},"end":{}}],"line":45}},"s":{"0":3,"1":4,"2":1,"3":3,"4":3,"5":3,"6":3,"7":3,"8":0,"9":0,"10":0,"11":3,"12":3,"13":3,"14":3,"15":0,"16":0,"17":0,"18":0,"19":4,"20":3,"21":3,"22":3,"23":4,"24":4},"f":{"0":4,"1":4},"b":{"0":[1,3],"1":[3,0],"2":[0,0],"3":[0,0],"4":[3,1],"5":[4,0]},"_coverageSchema":"1a1c01bbd47fc00a2c39e90264f33305004495a9","hash":"8f54a28f3eb6b48b127987d12d5bcb923995bde7"}
,"C:\\Users\\carol\\Blogversao2\\src\\controllers\\postController.js": {"path":"C:\\Users\\carol\\Blogversao2\\src\\controllers\\postController.js","statementMap":{"0":{"start":{"line":6,"column":12},"end":{"line":6,"column":26}},"1":{"start":{"line":7,"column":14},"end":{"line":7,"column":50}},"2":{"start":{"line":8,"column":14},"end":{"line":8,"column":55}},"3":{"start":{"line":9,"column":14},"end":{"line":9,"column":29}},"4":{"start":{"line":10,"column":2},"end":{"line":10,"column":32}},"5":{"start":{"line":17,"column":4},"end":{"line":31,"column":5}},"6":{"start":{"line":19,"column":20},"end":{"line":19,"column":45}},"7":{"start":{"line":21,"column":30},"end":{"line":26,"column":9}},"8":{"start":{"line":21,"column":49},"end":{"line":26,"column":7}},"9":{"start":{"line":28,"column":6},"end":{"line":28,"column":32}},"10":{"start":{"line":30,"column":6},"end":{"line":30,"column":53}},"11":{"start":{"line":36,"column":4},"end":{"line":49,"column":5}},"12":{"start":{"line":37,"column":21},"end":{"line":37,"column":31}},"13":{"start":{"line":38,"column":19},"end":{"line":38,"column":50}},"14":{"start":{"line":40,"column":6},"end":{"line":40,"column":81}},"15":{"start":{"line":40,"column":17},"end":{"line":40,"column":81}},"16":{"start":{"line":42,"column":6},"end":{"line":46,"column":9}},"17":{"start":{"line":48,"column":6},"end":{"line":48,"column":53}},"18":{"start":{"line":54,"column":4},"end":{"line":76,"column":5}},"19":{"start":{"line":55,"column":55},"end":{"line":55,"column":63}},"20":{"start":{"line":58,"column":22},"end":{"line":58,"column":60}},"21":{"start":{"line":59,"column":6},"end":{"line":59,"column":87}},"22":{"start":{"line":59,"column":20},"end":{"line":59,"column":87}},"23":{"start":{"line":61,"column":23},"end":{"line":65,"column":8}},"24":{"start":{"line":67,"column":6},"end":{"line":67,"column":28}},"25":{"start":{"line":69,"column":6},"end":{"line":73,"column":9}},"26":{"start":{"line":75,"column":6},"end":{"line":75,"column":53}},"27":{"start":{"line":81,"column":4},"end":{"line":100,"column":5}},"28":{"start":{"line":82,"column":21},"end":{"line":82,"column":31}},"29":{"start":{"line":83,"column":35},"end":{"line":83,"column":43}},"30":{"start":{"line":85,"column":19},"end":{"line":85,"column":43}},"31":{"start":{"line":86,"column":6},"end":{"line":86,"column":81}},"32":{"start":{"line":86,"column":17},"end":{"line":86,"column":81}},"33":{"start":{"line":88,"column":6},"end":{"line":88,"column":39}},"34":{"start":{"line":88,"column":18},"end":{"line":88,"column":39}},"35":{"start":{"line":89,"column":6},"end":{"line":89,"column":45}},"36":{"start":{"line":89,"column":20},"end":{"line":89,"column":45}},"37":{"start":{"line":91,"column":6},"end":{"line":91,"column":24}},"38":{"start":{"line":93,"column":6},"end":{"line":97,"column":9}},"39":{"start":{"line":99,"column":6},"end":{"line":99,"column":53}},"40":{"start":{"line":105,"column":4},"end":{"line":116,"column":5}},"41":{"start":{"line":106,"column":21},"end":{"line":106,"column":31}},"42":{"start":{"line":108,"column":19},"end":{"line":108,"column":43}},"43":{"start":{"line":109,"column":6},"end":{"line":109,"column":81}},"44":{"start":{"line":109,"column":17},"end":{"line":109,"column":81}},"45":{"start":{"line":111,"column":6},"end":{"line":111,"column":29}},"46":{"start":{"line":113,"column":6},"end":{"line":113,"column":57}},"47":{"start":{"line":115,"column":6},"end":{"line":115,"column":53}},"48":{"start":{"line":121,"column":4},"end":{"line":145,"column":5}},"49":{"start":{"line":122,"column":20},"end":{"line":122,"column":29}},"50":{"start":{"line":123,"column":6},"end":{"line":123,"column":91}},"51":{"start":{"line":123,"column":14},"end":{"line":123,"column":91}},"52":{"start":{"line":125,"column":20},"end":{"line":125,"column":38}},"53":{"start":{"line":127,"column":20},"end":{"line":133,"column":15}},"54":{"start":{"line":135,"column":24},"end":{"line":140,"column":9}},"55":{"start":{"line":135,"column":43},"end":{"line":140,"column":7}},"56":{"start":{"line":142,"column":6},"end":{"line":142,"column":26}},"57":{"start":{"line":144,"column":6},"end":{"line":144,"column":53}}},"fnMap":{"0":{"name":"formatarData","decl":{"start":{"line":5,"column":9},"end":{"line":5,"column":21}},"loc":{"start":{"line":5,"column":28},"end":{"line":11,"column":1}},"line":5},"1":{"name":"(anonymous_1)","decl":{"start":{"line":16,"column":2},"end":{"line":16,"column":3}},"loc":{"start":{"line":16,"column":37},"end":{"line":32,"column":3}},"line":16},"2":{"name":"(anonymous_2)","decl":{"start":{"line":21,"column":40},"end":{"line":21,"column":41}},"loc":{"start":{"line":21,"column":49},"end":{"line":26,"column":7}},"line":21},"3":{"name":"(anonymous_3)","decl":{"start":{"line":35,"column":2},"end":{"line":35,"column":3}},"loc":{"start":{"line":35,"column":33},"end":{"line":50,"column":3}},"line":35},"4":{"name":"(anonymous_4)","decl":{"start":{"line":53,"column":2},"end":{"line":53,"column":3}},"loc":{"start":{"line":53,"column":35},"end":{"line":77,"column":3}},"line":53},"5":{"name":"(anonymous_5)","decl":{"start":{"line":80,"column":2},"end":{"line":80,"column":3}},"loc":{"start":{"line":80,"column":36},"end":{"line":101,"column":3}},"line":80},"6":{"name":"(anonymous_6)","decl":{"start":{"line":104,"column":2},"end":{"line":104,"column":3}},"loc":{"start":{"line":104,"column":37},"end":{"line":117,"column":3}},"line":104},"7":{"name":"(anonymous_7)","decl":{"start":{"line":120,"column":2},"end":{"line":120,"column":3}},"loc":{"start":{"line":120,"column":37},"end":{"line":146,"column":3}},"line":120},"8":{"name":"(anonymous_8)","decl":{"start":{"line":135,"column":34},"end":{"line":135,"column":35}},"loc":{"start":{"line":135,"column":43},"end":{"line":140,"column":7}},"line":135}},"branchMap":{"0":{"loc":{"start":{"line":40,"column":6},"end":{"line":40,"column":81}},"type":"if","locations":[{"start":{"line":40,"column":6},"end":{"line":40,"column":81}},{"start":{},"end":{}}],"line":40},"1":{"loc":{"start":{"line":59,"column":6},"end":{"line":59,"column":87}},"type":"if","locations":[{"start":{"line":59,"column":6},"end":{"line":59,"column":87}},{"start":{},"end":{}}],"line":59},"2":{"loc":{"start":{"line":86,"column":6},"end":{"line":86,"column":81}},"type":"if","locations":[{"start":{"line":86,"column":6},"end":{"line":86,"column":81}},{"start":{},"end":{}}],"line":86},"3":{"loc":{"start":{"line":88,"column":6},"end":{"line":88,"column":39}},"type":"if","locations":[{"start":{"line":88,"column":6},"end":{"line":88,"column":39}},{"start":{},"end":{}}],"line":88},"4":{"loc":{"start":{"line":89,"column":6},"end":{"line":89,"column":45}},"type":"if","locations":[{"start":{"line":89,"column":6},"end":{"line":89,"column":45}},{"start":{},"end":{}}],"line":89},"5":{"loc":{"start":{"line":109,"column":6},"end":{"line":109,"column":81}},"type":"if","locations":[{"start":{"line":109,"column":6},"end":{"line":109,"column":81}},{"start":{},"end":{}}],"line":109},"6":{"loc":{"start":{"line":123,"column":6},"end":{"line":123,"column":91}},"type":"if","locations":[{"start":{"line":123,"column":6},"end":{"line":123,"column":91}},{"start":{},"end":{}}],"line":123},"7":{"loc":{"start":{"line":137,"column":53},"end":{"line":137,"column":92}},"type":"cond-expr","locations":[{"start":{"line":137,"column":82},"end":{"line":137,"column":87}},{"start":{"line":137,"column":90},"end":{"line":137,"column":92}}],"line":137}},"s":{"0":6,"1":6,"2":6,"3":6,"4":6,"5":1,"6":1,"7":1,"8":1,"9":1,"10":0,"11":2,"12":2,"13":2,"14":2,"15":1,"16":1,"17":0,"18":2,"19":2,"20":2,"21":2,"22":0,"23":2,"24":2,"25":2,"26":0,"27":2,"28":2,"29":2,"30":2,"31":2,"32":1,"33":1,"34":1,"35":1,"36":1,"37":1,"38":1,"39":0,"40":2,"41":2,"42":2,"43":2,"44":1,"45":1,"46":1,"47":0,"48":2,"49":2,"50":2,"51":1,"52":1,"53":1,"54":1,"55":1,"56":1,"57":0},"f":{"0":6,"1":1,"2":1,"3":2,"4":2,"5":2,"6":2,"7":2,"8":1},"b":{"0":[1,1],"1":[0,2],"2":[1,1],"3":[1,0],"4":[1,0],"5":[1,1],"6":[1,1],"7":[0,1]},"_coverageSchema":"1a1c01bbd47fc00a2c39e90264f33305004495a9","hash":"99b60d89ea211b68870e25dd639e53623a058bdd"}
,"C:\\Users\\carol\\Blogversao2\\src\\controllers\\validacaoController.js": {"path":"C:\\Users\\carol\\Blogversao2\\src\\controllers\\validacaoController.js","statementMap":{"0":{"start":{"line":10,"column":8},"end":{"line":21,"column":9}},"1":{"start":{"line":11,"column":49},"end":{"line":11,"column":57}},"2":{"start":{"line":12,"column":32},"end":{"line":12,"column":60}},"3":{"start":{"line":13,"column":32},"end":{"line":13,"column":95}},"4":{"start":{"line":15,"column":12},"end":{"line":17,"column":15}},"5":{"start":{"line":20,"column":12},"end":{"line":20,"column":93}},"6":{"start":{"line":25,"column":8},"end":{"line":50,"column":9}},"7":{"start":{"line":26,"column":37},"end":{"line":26,"column":45}},"8":{"start":{"line":29,"column":12},"end":{"line":29,"column":109}},"9":{"start":{"line":29,"column":34},"end":{"line":29,"column":109}},"10":{"start":{"line":31,"column":38},"end":{"line":31,"column":70}},"11":{"start":{"line":32,"column":12},"end":{"line":32,"column":103}},"12":{"start":{"line":32,"column":36},"end":{"line":32,"column":103}},"13":{"start":{"line":34,"column":33},"end":{"line":34,"column":85}},"14":{"start":{"line":35,"column":12},"end":{"line":35,"column":90}},"15":{"start":{"line":35,"column":31},"end":{"line":35,"column":90}},"16":{"start":{"line":38,"column":12},"end":{"line":46,"column":15}},"17":{"start":{"line":49,"column":12},"end":{"line":49,"column":66}}},"fnMap":{"0":{"name":"(anonymous_0)","decl":{"start":{"line":9,"column":4},"end":{"line":9,"column":5}},"loc":{"start":{"line":9,"column":44},"end":{"line":22,"column":5}},"line":9},"1":{"name":"(anonymous_1)","decl":{"start":{"line":24,"column":4},"end":{"line":24,"column":5}},"loc":{"start":{"line":24,"column":33},"end":{"line":51,"column":5}},"line":24}},"branchMap":{"0":{"loc":{"start":{"line":29,"column":12},"end":{"line":29,"column":109}},"type":"if","locations":[{"start":{"line":29,"column":12},"end":{"line":29,"column":109}},{"start":{},"end":{}}],"line":29},"1":{"loc":{"start":{"line":29,"column":16},"end":{"line":29,"column":32}},"type":"binary-expr","locations":[{"start":{"line":29,"column":16},"end":{"line":29,"column":22}},{"start":{"line":29,"column":26},"end":{"line":29,"column":32}}],"line":29},"2":{"loc":{"start":{"line":32,"column":12},"end":{"line":32,"column":103}},"type":"if","locations":[{"start":{"line":32,"column":12},"end":{"line":32,"column":103}},{"start":{},"end":{}}],"line":32},"3":{"loc":{"start":{"line":35,"column":12},"end":{"line":35,"column":90}},"type":"if","locations":[{"start":{"line":35,"column":12},"end":{"line":35,"column":90}},{"start":{},"end":{}}],"line":35}},"s":{"0":2,"1":2,"2":2,"3":2,"4":1,"5":1,"6":5,"7":5,"8":5,"9":1,"10":4,"11":3,"12":1,"13":2,"14":2,"15":1,"16":1,"17":1},"f":{"0":2,"1":5},"b":{"0":[1,4],"1":[5,4],"2":[1,2],"3":[1,1]},"_coverageSchema":"1a1c01bbd47fc00a2c39e90264f33305004495a9","hash":"0f81e46b4f4d1a9b3843718d67e63e2870274a15"}
,"C:\\Users\\carol\\Blogversao2\\src\\middleware\\errorHandler.js": {"path":"C:\\Users\\carol\\Blogversao2\\src\\middleware\\errorHandler.js","statementMap":{"0":{"start":{"line":2,"column":2},"end":{"line":2,"column":40}},"1":{"start":{"line":4,"column":2},"end":{"line":6,"column":3}},"2":{"start":{"line":5,"column":4},"end":{"line":5,"column":60}},"3":{"start":{"line":8,"column":2},"end":{"line":10,"column":3}},"4":{"start":{"line":9,"column":4},"end":{"line":9,"column":85}},"5":{"start":{"line":12,"column":2},"end":{"line":14,"column":5}}},"fnMap":{"0":{"name":"errorHandler","decl":{"start":{"line":1,"column":10},"end":{"line":1,"column":22}},"loc":{"start":{"line":1,"column":44},"end":{"line":15,"column":1}},"line":1}},"branchMap":{"0":{"loc":{"start":{"line":4,"column":2},"end":{"line":6,"column":3}},"type":"if","locations":[{"start":{"line":4,"column":2},"end":{"line":6,"column":3}},{"start":{},"end":{}}],"line":4},"1":{"loc":{"start":{"line":8,"column":2},"end":{"line":10,"column":3}},"type":"if","locations":[{"start":{"line":8,"column":2},"end":{"line":10,"column":3}},{"start":{},"end":{}}],"line":8},"2":{"loc":{"start":{"line":12,"column":13},"end":{"line":12,"column":30}},"type":"binary-expr","locations":[{"start":{"line":12,"column":13},"end":{"line":12,"column":23}},{"start":{"line":12,"column":27},"end":{"line":12,"column":30}}],"line":12},"3":{"loc":{"start":{"line":13,"column":13},"end":{"line":13,"column":54}},"type":"binary-expr","locations":[{"start":{"line":13,"column":13},"end":{"line":13,"column":24}},{"start":{"line":13,"column":28},"end":{"line":13,"column":54}}],"line":13}},"s":{"0":0,"1":0,"2":0,"3":0,"4":0,"5":0},"f":{"0":0},"b":{"0":[0,0],"1":[0,0],"2":[0,0],"3":[0,0]},"_coverageSchema":"1a1c01bbd47fc00a2c39e90264f33305004495a9","hash":"f59101c86b16977dc54eae48f380ae65f7eac17d"}
,"C:\\Users\\carol\\Blogversao2\\src\\middleware\\notFound.js": {"path":"C:\\Users\\carol\\Blogversao2\\src\\middleware\\notFound.js","statementMap":{"0":{"start":{"line":2,"column":2},"end":{"line":2,"column":61}}},"fnMap":{"0":{"name":"notFound","decl":{"start":{"line":1,"column":10},"end":{"line":1,"column":18}},"loc":{"start":{"line":1,"column":35},"end":{"line":3,"column":1}},"line":1}},"branchMap":{},"s":{"0":0},"f":{"0":0},"b":{},"_coverageSchema":"1a1c01bbd47fc00a2c39e90264f33305004495a9","hash":"f2d92234cf9ddce83080a36d73b838ab97978126"}
,"C:\\Users\\carol\\Blogversao2\\src\\middleware\\validarProfessor.js": {"path":"C:\\Users\\carol\\Blogversao2\\src\\middleware\\validarProfessor.js","statementMap":{"0":{"start":{"line":11,"column":2},"end":{"line":42,"column":3}},"1":{"start":{"line":12,"column":29},"end":{"line":12,"column":37}},"2":{"start":{"line":15,"column":4},"end":{"line":17,"column":5}},"3":{"start":{"line":16,"column":6},"end":{"line":16,"column":81}},"4":{"start":{"line":20,"column":20},"end":{"line":20,"column":52}},"5":{"start":{"line":21,"column":4},"end":{"line":23,"column":5}},"6":{"start":{"line":22,"column":6},"end":{"line":22,"column":73}},"7":{"start":{"line":26,"column":25},"end":{"line":26,"column":67}},"8":{"start":{"line":27,"column":4},"end":{"line":29,"column":5}},"9":{"start":{"line":28,"column":6},"end":{"line":28,"column":65}},"10":{"start":{"line":32,"column":4},"end":{"line":34,"column":5}},"11":{"start":{"line":33,"column":6},"end":{"line":33,"column":80}},"12":{"start":{"line":37,"column":4},"end":{"line":37,"column":26}},"13":{"start":{"line":38,"column":4},"end":{"line":38,"column":11}},"14":{"start":{"line":41,"column":4},"end":{"line":41,"column":58}}},"fnMap":{"0":{"name":"validarProfessor","decl":{"start":{"line":10,"column":15},"end":{"line":10,"column":31}},"loc":{"start":{"line":10,"column":48},"end":{"line":43,"column":1}},"line":10}},"branchMap":{"0":{"loc":{"start":{"line":15,"column":4},"end":{"line":17,"column":5}},"type":"if","locations":[{"start":{"line":15,"column":4},"end":{"line":17,"column":5}},{"start":{},"end":{}}],"line":15},"1":{"loc":{"start":{"line":15,"column":8},"end":{"line":15,"column":24}},"type":"binary-expr","locations":[{"start":{"line":15,"column":8},"end":{"line":15,"column":14}},{"start":{"line":15,"column":18},"end":{"line":15,"column":24}}],"line":15},"2":{"loc":{"start":{"line":21,"column":4},"end":{"line":23,"column":5}},"type":"if","locations":[{"start":{"line":21,"column":4},"end":{"line":23,"column":5}},{"start":{},"end":{}}],"line":21},"3":{"loc":{"start":{"line":27,"column":4},"end":{"line":29,"column":5}},"type":"if","locations":[{"start":{"line":27,"column":4},"end":{"line":29,"column":5}},{"start":{},"end":{}}],"line":27},"4":{"loc":{"start":{"line":32,"column":4},"end":{"line":34,"column":5}},"type":"if","locations":[{"start":{"line":32,"column":4},"end":{"line":34,"column":5}},{"start":{},"end":{}}],"line":32}},"s":{"0":7,"1":7,"2":7,"3":0,"4":7,"5":7,"6":1,"7":6,"8":6,"9":0,"10":6,"11":0,"12":6,"13":6,"14":0},"f":{"0":7},"b":{"0":[0,7],"1":[7,7],"2":[1,6],"3":[0,6],"4":[0,6]},"_coverageSchema":"1a1c01bbd47fc00a2c39e90264f33305004495a9","hash":"34f4d857e4649c4228dfaa7eb3481906921e060e"}
,"C:\\Users\\carol\\Blogversao2\\src\\models\\Post.js": {"path":"C:\\Users\\carol\\Blogversao2\\src\\models\\Post.js","statementMap":{"0":{"start":{"line":3,"column":19},"end":{"line":14,"column":2}},"1":{"start":{"line":16,"column":0},"end":{"line":21,"column":3}},"2":{"start":{"line":18,"column":4},"end":{"line":18,"column":107}},"3":{"start":{"line":18,"column":23},"end":{"line":18,"column":107}},"4":{"start":{"line":19,"column":4},"end":{"line":19,"column":111}},"5":{"start":{"line":19,"column":23},"end":{"line":19,"column":111}},"6":{"start":{"line":23,"column":14},"end":{"line":23,"column":49}}},"fnMap":{"0":{"name":"(anonymous_0)","decl":{"start":{"line":17,"column":13},"end":{"line":17,"column":14}},"loc":{"start":{"line":17,"column":27},"end":{"line":20,"column":3}},"line":17}},"branchMap":{"0":{"loc":{"start":{"line":18,"column":4},"end":{"line":18,"column":107}},"type":"if","locations":[{"start":{"line":18,"column":4},"end":{"line":18,"column":107}},{"start":{},"end":{}}],"line":18},"1":{"loc":{"start":{"line":19,"column":4},"end":{"line":19,"column":111}},"type":"if","locations":[{"start":{"line":19,"column":4},"end":{"line":19,"column":111}},{"start":{},"end":{}}],"line":19}},"s":{"0":2,"1":2,"2":1,"3":1,"4":1,"5":1,"6":2},"f":{"0":1},"b":{"0":[1,0],"1":[1,0]},"_coverageSchema":"1a1c01bbd47fc00a2c39e90264f33305004495a9","hash":"326c18e98a141a3a4aa5822a727c9bffcad2abae"}
,"C:\\Users\\carol\\Blogversao2\\src\\models\\Usuario.js": {"path":"C:\\Users\\carol\\Blogversao2\\src\\models\\Usuario.js","statementMap":{"0":{"start":{"line":5,"column":22},"end":{"line":10,"column":2}},"1":{"start":{"line":13,"column":16},"end":{"line":13,"column":58}}},"fnMap":{},"branchMap":{},"s":{"0":3,"1":3},"f":{},"b":{},"_coverageSchema":"1a1c01bbd47fc00a2c39e90264f33305004495a9","hash":"d8f851cae3a203aa5d28226f6bd7a411170965c7"}
,"C:\\Users\\carol\\Blogversao2\\src\\routes\\indexRoutes.js": {"path":"C:\\Users\\carol\\Blogversao2\\src\\routes\\indexRoutes.js","statementMap":{"0":{"start":{"line":4,"column":20},"end":{"line":7,"column":1}},"1":{"start":{"line":5,"column":2},"end":{"line":5,"column":33}},"2":{"start":{"line":6,"column":2},"end":{"line":6,"column":39}}},"fnMap":{"0":{"name":"(anonymous_0)","decl":{"start":{"line":4,"column":20},"end":{"line":4,"column":21}},"loc":{"start":{"line":4,"column":29},"end":{"line":7,"column":1}},"line":4}},"branchMap":{},"s":{"0":2,"1":2,"2":2},"f":{"0":2},"b":{},"_coverageSchema":"1a1c01bbd47fc00a2c39e90264f33305004495a9","hash":"2fdc0f55cd687ce13bf479f4226384deddf63c3d"}
,"C:\\Users\\carol\\Blogversao2\\src\\routes\\postsRoutes.js": {"path":"C:\\Users\\carol\\Blogversao2\\src\\routes\\postsRoutes.js","statementMap":{"0":{"start":{"line":5,"column":20},"end":{"line":5,"column":36}},"1":{"start":{"line":17,"column":0},"end":{"line":17,"column":50}},"2":{"start":{"line":35,"column":0},"end":{"line":35,"column":56}},"3":{"start":{"line":55,"column":0},"end":{"line":55,"column":49}},"4":{"start":{"line":80,"column":0},"end":{"line":80,"column":67}},"5":{"start":{"line":114,"column":0},"end":{"line":114,"column":70}},"6":{"start":{"line":137,"column":0},"end":{"line":137,"column":74}}},"fnMap":{},"branchMap":{},"s":{"0":2,"1":2,"2":2,"3":2,"4":2,"5":2,"6":2},"f":{},"b":{},"_coverageSchema":"1a1c01bbd47fc00a2c39e90264f33305004495a9","hash":"1a31227aaa86befdf2931805a54825e8c5520004"}
,"C:\\Users\\carol\\Blogversao2\\src\\routes\\validacaoRoutes.js": {"path":"C:\\Users\\carol\\Blogversao2\\src\\routes\\validacaoRoutes.js","statementMap":{"0":{"start":{"line":4,"column":24},"end":{"line":4,"column":40}},"1":{"start":{"line":26,"column":0},"end":{"line":26,"column":72}},"2":{"start":{"line":48,"column":0},"end":{"line":48,"column":58}}},"fnMap":{},"branchMap":{},"s":{"0":2,"1":2,"2":2},"f":{},"b":{},"_coverageSchema":"1a1c01bbd47fc00a2c39e90264f33305004495a9","hash":"1a62e5921f9c741e5dd589a9e4a2881d043714df"}
}
