{"C:\\Users\\carol\\Blogversao2\\src\\app.js": {"path":"C:\\Users\\carol\\Blogversao2\\src\\app.js","statementMap":{"0":{"start":{"line":9,"column":12},"end":{"line":9,"column":21}},"1":{"start":{"line":12,"column":0},"end":{"line":12,"column":24}},"2":{"start":{"line":15,"column":0},"end":{"line":15,"column":65}},"3":{"start":{"line":15,"column":27},"end":{"line":15,"column":63}},"4":{"start":{"line":18,"column":0},"end":{"line":18,"column":17}},"5":{"start":{"line":21,"column":0},"end":{"line":21,"column":18}},"6":{"start":{"line":24,"column":0},"end":{"line":24,"column":22}}},"fnMap":{"0":{"name":"(anonymous_0)","decl":{"start":{"line":15,"column":13},"end":{"line":15,"column":14}},"loc":{"start":{"line":15,"column":27},"end":{"line":15,"column":63}},"line":15}},"branchMap":{},"s":{"0":2,"1":2,"2":2,"3":1,"4":2,"5":2,"6":2},"f":{"0":1},"b":{},"_coverageSchema":"1a1c01bbd47fc00a2c39e90264f33305004495a9","hash":"cdc178da8fafc12f7e282b0aefc22ea9aa7fe52f"}
,"C:\\Users\\carol\\Blogversao2\\src\\controllers\\autenticacaoController.js": {"path":"C:\\Users\\carol\\Blogversao2\\src\\controllers\\autenticacaoController.js","statementMap":{"0":{"start":{"line":10,"column":8},"end":{"line":21,"column":9}},"1":{"start":{"line":11,"column":49},"end":{"line":11,"column":57}},"2":{"start":{"line":12,"column":32},"end":{"line":12,"column":60}},"3":{"start":{"line":13,"column":32},"end":{"line":13,"column":95}},"4":{"start":{"line":15,"column":12},"end":{"line":17,"column":15}},"5":{"start":{"line":20,"column":12},"end":{"line":20,"column":93}},"6":{"start":{"line":25,"column":8},"end":{"line":50,"column":9}},"7":{"start":{"line":26,"column":37},"end":{"line":26,"column":45}},"8":{"start":{"line":29,"column":12},"end":{"line":29,"column":109}},"9":{"start":{"line":29,"column":34},"end":{"line":29,"column":109}},"10":{"start":{"line":31,"column":38},"end":{"line":31,"column":70}},"11":{"start":{"line":32,"column":12},"end":{"line":32,"column":103}},"12":{"start":{"line":32,"column":36},"end":{"line":32,"column":103}},"13":{"start":{"line":34,"column":33},"end":{"line":34,"column":85}},"14":{"start":{"line":35,"column":12},"end":{"line":35,"column":90}},"15":{"start":{"line":35,"column":31},"end":{"line":35,"column":90}},"16":{"start":{"line":38,"column":12},"end":{"line":46,"column":15}},"17":{"start":{"line":49,"column":12},"end":{"line":49,"column":66}}},"fnMap":{"0":{"name":"(anonymous_0)","decl":{"start":{"line":9,"column":4},"end":{"line":9,"column":5}},"loc":{"start":{"line":9,"column":44},"end":{"line":22,"column":5}},"line":9},"1":{"name":"(anonymous_1)","decl":{"start":{"line":24,"column":4},"end":{"line":24,"column":5}},"loc":{"start":{"line":24,"column":33},"end":{"line":51,"column":5}},"line":24}},"branchMap":{"0":{"loc":{"start":{"line":29,"column":12},"end":{"line":29,"column":109}},"type":"if","locations":[{"start":{"line":29,"column":12},"end":{"line":29,"column":109}},{"start":{},"end":{}}],"line":29},"1":{"loc":{"start":{"line":29,"column":16},"end":{"line":29,"column":32}},"type":"binary-expr","locations":[{"start":{"line":29,"column":16},"end":{"line":29,"column":22}},{"start":{"line":29,"column":26},"end":{"line":29,"column":32}}],"line":29},"2":{"loc":{"start":{"line":32,"column":12},"end":{"line":32,"column":103}},"type":"if","locations":[{"start":{"line":32,"column":12},"end":{"line":32,"column":103}},{"start":{},"end":{}}],"line":32},"3":{"loc":{"start":{"line":35,"column":12},"end":{"line":35,"column":90}},"type":"if","locations":[{"start":{"line":35,"column":12},"end":{"line":35,"column":90}},{"start":{},"end":{}}],"line":35}},"s":{"0":0,"1":0,"2":0,"3":0,"4":0,"5":0,"6":0,"7":0,"8":0,"9":0,"10":0,"11":0,"12":0,"13":0,"14":0,"15":0,"16":0,"17":0},"f":{"0":0,"1":0},"b":{"0":[0,0],"1":[0,0],"2":[0,0],"3":[0,0]},"_coverageSchema":"1a1c01bbd47fc00a2c39e90264f33305004495a9","hash":"482168d9945523189f9a048c771da19294e90a4f"}
,"C:\\Users\\carol\\Blogversao2\\src\\controllers\\autorController.js": {"path":"C:\\Users\\carol\\Blogversao2\\src\\controllers\\autorController.js","statementMap":{"0":{"start":{"line":6,"column":8},"end":{"line":11,"column":9}},"1":{"start":{"line":7,"column":34},"end":{"line":7,"column":54}},"2":{"start":{"line":8,"column":12},"end":{"line":8,"column":48}},"3":{"start":{"line":10,"column":12},"end":{"line":10,"column":86}},"4":{"start":{"line":15,"column":8},"end":{"line":21,"column":9}},"5":{"start":{"line":16,"column":23},"end":{"line":16,"column":36}},"6":{"start":{"line":17,"column":36},"end":{"line":17,"column":60}},"7":{"start":{"line":18,"column":12},"end":{"line":18,"column":50}},"8":{"start":{"line":20,"column":12},"end":{"line":20,"column":95}},"9":{"start":{"line":25,"column":8},"end":{"line":30,"column":9}},"10":{"start":{"line":26,"column":30},"end":{"line":26,"column":58}},"11":{"start":{"line":27,"column":12},"end":{"line":27,"column":86}},"12":{"start":{"line":29,"column":12},"end":{"line":29,"column":92}},"13":{"start":{"line":34,"column":8},"end":{"line":40,"column":9}},"14":{"start":{"line":35,"column":23},"end":{"line":35,"column":36}},"15":{"start":{"line":36,"column":12},"end":{"line":36,"column":56}},"16":{"start":{"line":37,"column":12},"end":{"line":37,"column":66}},"17":{"start":{"line":39,"column":12},"end":{"line":39,"column":87}},"18":{"start":{"line":44,"column":8},"end":{"line":50,"column":9}},"19":{"start":{"line":45,"column":23},"end":{"line":45,"column":36}},"20":{"start":{"line":46,"column":12},"end":{"line":46,"column":46}},"21":{"start":{"line":47,"column":12},"end":{"line":47,"column":76}},"22":{"start":{"line":49,"column":12},"end":{"line":49,"column":84}}},"fnMap":{"0":{"name":"(anonymous_0)","decl":{"start":{"line":5,"column":4},"end":{"line":5,"column":5}},"loc":{"start":{"line":5,"column":41},"end":{"line":12,"column":5}},"line":5},"1":{"name":"(anonymous_1)","decl":{"start":{"line":14,"column":4},"end":{"line":14,"column":5}},"loc":{"start":{"line":14,"column":44},"end":{"line":22,"column":5}},"line":14},"2":{"name":"(anonymous_2)","decl":{"start":{"line":24,"column":4},"end":{"line":24,"column":5}},"loc":{"start":{"line":24,"column":42},"end":{"line":31,"column":5}},"line":24},"3":{"name":"(anonymous_3)","decl":{"start":{"line":33,"column":4},"end":{"line":33,"column":5}},"loc":{"start":{"line":33,"column":42},"end":{"line":41,"column":5}},"line":33},"4":{"name":"(anonymous_4)","decl":{"start":{"line":43,"column":4},"end":{"line":43,"column":5}},"loc":{"start":{"line":43,"column":40},"end":{"line":51,"column":5}},"line":43}},"branchMap":{},"s":{"0":0,"1":0,"2":0,"3":0,"4":0,"5":0,"6":0,"7":0,"8":0,"9":0,"10":0,"11":0,"12":0,"13":0,"14":0,"15":0,"16":0,"17":0,"18":0,"19":0,"20":0,"21":0,"22":0},"f":{"0":0,"1":0,"2":0,"3":0,"4":0},"b":{},"_coverageSchema":"1a1c01bbd47fc00a2c39e90264f33305004495a9","hash":"6e8fc1731e1affb175363c5b813bc9881478b053"}
,"C:\\Users\\carol\\Blogversao2\\src\\controllers\\postController.js": {"path":"C:\\Users\\carol\\Blogversao2\\src\\controllers\\postController.js","statementMap":{"0":{"start":{"line":7,"column":12},"end":{"line":7,"column":26}},"1":{"start":{"line":8,"column":14},"end":{"line":8,"column":50}},"2":{"start":{"line":9,"column":14},"end":{"line":9,"column":55}},"3":{"start":{"line":10,"column":14},"end":{"line":10,"column":29}},"4":{"start":{"line":11,"column":2},"end":{"line":11,"column":32}},"5":{"start":{"line":17,"column":4},"end":{"line":17,"column":41}},"6":{"start":{"line":18,"column":4},"end":{"line":33,"column":5}},"7":{"start":{"line":19,"column":20},"end":{"line":19,"column":71}},"8":{"start":{"line":22,"column":30},"end":{"line":28,"column":9}},"9":{"start":{"line":22,"column":49},"end":{"line":28,"column":7}},"10":{"start":{"line":30,"column":6},"end":{"line":30,"column":32}},"11":{"start":{"line":32,"column":6},"end":{"line":32,"column":53}},"12":{"start":{"line":38,"column":4},"end":{"line":53,"column":5}},"13":{"start":{"line":39,"column":21},"end":{"line":39,"column":31}},"14":{"start":{"line":40,"column":19},"end":{"line":40,"column":76}},"15":{"start":{"line":42,"column":6},"end":{"line":42,"column":81}},"16":{"start":{"line":42,"column":17},"end":{"line":42,"column":81}},"17":{"start":{"line":45,"column":6},"end":{"line":50,"column":9}},"18":{"start":{"line":52,"column":6},"end":{"line":52,"column":53}},"19":{"start":{"line":59,"column":4},"end":{"line":88,"column":5}},"20":{"start":{"line":60,"column":71},"end":{"line":60,"column":79}},"21":{"start":{"line":63,"column":22},"end":{"line":63,"column":60}},"22":{"start":{"line":65,"column":6},"end":{"line":65,"column":87}},"23":{"start":{"line":65,"column":20},"end":{"line":65,"column":87}},"24":{"start":{"line":67,"column":23},"end":{"line":74,"column":8}},"25":{"start":{"line":76,"column":6},"end":{"line":76,"column":28}},"26":{"start":{"line":78,"column":6},"end":{"line":85,"column":9}},"27":{"start":{"line":87,"column":6},"end":{"line":87,"column":53}},"28":{"start":{"line":93,"column":4},"end":{"line":113,"column":5}},"29":{"start":{"line":94,"column":21},"end":{"line":94,"column":31}},"30":{"start":{"line":95,"column":35},"end":{"line":95,"column":43}},"31":{"start":{"line":97,"column":19},"end":{"line":97,"column":43}},"32":{"start":{"line":98,"column":6},"end":{"line":98,"column":81}},"33":{"start":{"line":98,"column":17},"end":{"line":98,"column":81}},"34":{"start":{"line":100,"column":6},"end":{"line":100,"column":39}},"35":{"start":{"line":100,"column":18},"end":{"line":100,"column":39}},"36":{"start":{"line":101,"column":6},"end":{"line":101,"column":45}},"37":{"start":{"line":101,"column":20},"end":{"line":101,"column":45}},"38":{"start":{"line":103,"column":6},"end":{"line":103,"column":24}},"39":{"start":{"line":105,"column":6},"end":{"line":110,"column":9}},"40":{"start":{"line":112,"column":6},"end":{"line":112,"column":53}},"41":{"start":{"line":118,"column":4},"end":{"line":129,"column":5}},"42":{"start":{"line":119,"column":21},"end":{"line":119,"column":31}},"43":{"start":{"line":121,"column":19},"end":{"line":121,"column":43}},"44":{"start":{"line":122,"column":6},"end":{"line":122,"column":81}},"45":{"start":{"line":122,"column":17},"end":{"line":122,"column":81}},"46":{"start":{"line":124,"column":6},"end":{"line":124,"column":29}},"47":{"start":{"line":126,"column":6},"end":{"line":126,"column":57}},"48":{"start":{"line":128,"column":6},"end":{"line":128,"column":53}},"49":{"start":{"line":134,"column":4},"end":{"line":134,"column":46}},"50":{"start":{"line":135,"column":4},"end":{"line":160,"column":5}},"51":{"start":{"line":136,"column":20},"end":{"line":136,"column":29}},"52":{"start":{"line":137,"column":6},"end":{"line":137,"column":91}},"53":{"start":{"line":137,"column":14},"end":{"line":137,"column":91}},"54":{"start":{"line":139,"column":20},"end":{"line":139,"column":38}},"55":{"start":{"line":141,"column":20},"end":{"line":147,"column":41}},"56":{"start":{"line":149,"column":24},"end":{"line":155,"column":9}},"57":{"start":{"line":149,"column":43},"end":{"line":155,"column":7}},"58":{"start":{"line":157,"column":6},"end":{"line":157,"column":26}},"59":{"start":{"line":159,"column":6},"end":{"line":159,"column":53}}},"fnMap":{"0":{"name":"formatarData","decl":{"start":{"line":6,"column":9},"end":{"line":6,"column":21}},"loc":{"start":{"line":6,"column":28},"end":{"line":12,"column":1}},"line":6},"1":{"name":"(anonymous_1)","decl":{"start":{"line":16,"column":2},"end":{"line":16,"column":3}},"loc":{"start":{"line":16,"column":37},"end":{"line":34,"column":3}},"line":16},"2":{"name":"(anonymous_2)","decl":{"start":{"line":22,"column":40},"end":{"line":22,"column":41}},"loc":{"start":{"line":22,"column":49},"end":{"line":28,"column":7}},"line":22},"3":{"name":"(anonymous_3)","decl":{"start":{"line":37,"column":2},"end":{"line":37,"column":3}},"loc":{"start":{"line":37,"column":33},"end":{"line":54,"column":3}},"line":37},"4":{"name":"(anonymous_4)","decl":{"start":{"line":58,"column":2},"end":{"line":58,"column":3}},"loc":{"start":{"line":58,"column":35},"end":{"line":89,"column":3}},"line":58},"5":{"name":"(anonymous_5)","decl":{"start":{"line":92,"column":2},"end":{"line":92,"column":3}},"loc":{"start":{"line":92,"column":36},"end":{"line":114,"column":3}},"line":92},"6":{"name":"(anonymous_6)","decl":{"start":{"line":117,"column":2},"end":{"line":117,"column":3}},"loc":{"start":{"line":117,"column":37},"end":{"line":130,"column":3}},"line":117},"7":{"name":"(anonymous_7)","decl":{"start":{"line":133,"column":2},"end":{"line":133,"column":3}},"loc":{"start":{"line":133,"column":37},"end":{"line":161,"column":3}},"line":133},"8":{"name":"(anonymous_8)","decl":{"start":{"line":149,"column":34},"end":{"line":149,"column":35}},"loc":{"start":{"line":149,"column":43},"end":{"line":155,"column":7}},"line":149}},"branchMap":{"0":{"loc":{"start":{"line":26,"column":15},"end":{"line":26,"column":68}},"type":"cond-expr","locations":[{"start":{"line":26,"column":28},"end":{"line":26,"column":43}},{"start":{"line":26,"column":46},"end":{"line":26,"column":68}}],"line":26},"1":{"loc":{"start":{"line":42,"column":6},"end":{"line":42,"column":81}},"type":"if","locations":[{"start":{"line":42,"column":6},"end":{"line":42,"column":81}},{"start":{},"end":{}}],"line":42},"2":{"loc":{"start":{"line":48,"column":15},"end":{"line":48,"column":68}},"type":"cond-expr","locations":[{"start":{"line":48,"column":28},"end":{"line":48,"column":43}},{"start":{"line":48,"column":46},"end":{"line":48,"column":68}}],"line":48},"3":{"loc":{"start":{"line":65,"column":6},"end":{"line":65,"column":87}},"type":"if","locations":[{"start":{"line":65,"column":6},"end":{"line":65,"column":87}},{"start":{},"end":{}}],"line":65},"4":{"loc":{"start":{"line":98,"column":6},"end":{"line":98,"column":81}},"type":"if","locations":[{"start":{"line":98,"column":6},"end":{"line":98,"column":81}},{"start":{},"end":{}}],"line":98},"5":{"loc":{"start":{"line":100,"column":6},"end":{"line":100,"column":39}},"type":"if","locations":[{"start":{"line":100,"column":6},"end":{"line":100,"column":39}},{"start":{},"end":{}}],"line":100},"6":{"loc":{"start":{"line":101,"column":6},"end":{"line":101,"column":45}},"type":"if","locations":[{"start":{"line":101,"column":6},"end":{"line":101,"column":45}},{"start":{},"end":{}}],"line":101},"7":{"loc":{"start":{"line":108,"column":15},"end":{"line":108,"column":46}},"type":"binary-expr","locations":[{"start":{"line":108,"column":15},"end":{"line":108,"column":31}},{"start":{"line":108,"column":35},"end":{"line":108,"column":46}}],"line":108},"8":{"loc":{"start":{"line":122,"column":6},"end":{"line":122,"column":81}},"type":"if","locations":[{"start":{"line":122,"column":6},"end":{"line":122,"column":81}},{"start":{},"end":{}}],"line":122},"9":{"loc":{"start":{"line":137,"column":6},"end":{"line":137,"column":91}},"type":"if","locations":[{"start":{"line":137,"column":6},"end":{"line":137,"column":91}},{"start":{},"end":{}}],"line":137},"10":{"loc":{"start":{"line":151,"column":53},"end":{"line":151,"column":92}},"type":"cond-expr","locations":[{"start":{"line":151,"column":82},"end":{"line":151,"column":87}},{"start":{"line":151,"column":90},"end":{"line":151,"column":92}}],"line":151},"11":{"loc":{"start":{"line":152,"column":15},"end":{"line":152,"column":55}},"type":"binary-expr","locations":[{"start":{"line":152,"column":15},"end":{"line":152,"column":31}},{"start":{"line":152,"column":35},"end":{"line":152,"column":55}}],"line":152}},"s":{"0":6,"1":6,"2":6,"3":6,"4":6,"5":1,"6":1,"7":1,"8":1,"9":1,"10":1,"11":0,"12":2,"13":2,"14":2,"15":2,"16":1,"17":1,"18":0,"19":2,"20":2,"21":2,"22":2,"23":0,"24":2,"25":2,"26":2,"27":0,"28":2,"29":2,"30":2,"31":2,"32":2,"33":1,"34":1,"35":1,"36":1,"37":1,"38":1,"39":1,"40":0,"41":2,"42":2,"43":2,"44":2,"45":1,"46":1,"47":1,"48":0,"49":2,"50":2,"51":2,"52":2,"53":1,"54":1,"55":1,"56":1,"57":1,"58":1,"59":0},"f":{"0":6,"1":1,"2":1,"3":2,"4":2,"5":2,"6":2,"7":2,"8":1},"b":{"0":[1,0],"1":[1,1],"2":[1,0],"3":[0,2],"4":[1,1],"5":[1,0],"6":[1,0],"7":[1,0],"8":[1,1],"9":[1,1],"10":[0,1],"11":[1,0]},"_coverageSchema":"1a1c01bbd47fc00a2c39e90264f33305004495a9","hash":"939c1012800004539d3e054619ba45ff07694a6b"}
,"C:\\Users\\carol\\Blogversao2\\src\\middleware\\errorHandler.js": {"path":"C:\\Users\\carol\\Blogversao2\\src\\middleware\\errorHandler.js","statementMap":{"0":{"start":{"line":2,"column":2},"end":{"line":2,"column":40}},"1":{"start":{"line":4,"column":2},"end":{"line":6,"column":3}},"2":{"start":{"line":5,"column":4},"end":{"line":5,"column":60}},"3":{"start":{"line":8,"column":2},"end":{"line":10,"column":3}},"4":{"start":{"line":9,"column":4},"end":{"line":9,"column":85}},"5":{"start":{"line":12,"column":2},"end":{"line":14,"column":5}}},"fnMap":{"0":{"name":"errorHandler","decl":{"start":{"line":1,"column":10},"end":{"line":1,"column":22}},"loc":{"start":{"line":1,"column":44},"end":{"line":15,"column":1}},"line":1}},"branchMap":{"0":{"loc":{"start":{"line":4,"column":2},"end":{"line":6,"column":3}},"type":"if","locations":[{"start":{"line":4,"column":2},"end":{"line":6,"column":3}},{"start":{},"end":{}}],"line":4},"1":{"loc":{"start":{"line":8,"column":2},"end":{"line":10,"column":3}},"type":"if","locations":[{"start":{"line":8,"column":2},"end":{"line":10,"column":3}},{"start":{},"end":{}}],"line":8},"2":{"loc":{"start":{"line":12,"column":13},"end":{"line":12,"column":30}},"type":"binary-expr","locations":[{"start":{"line":12,"column":13},"end":{"line":12,"column":23}},{"start":{"line":12,"column":27},"end":{"line":12,"column":30}}],"line":12},"3":{"loc":{"start":{"line":13,"column":13},"end":{"line":13,"column":54}},"type":"binary-expr","locations":[{"start":{"line":13,"column":13},"end":{"line":13,"column":24}},{"start":{"line":13,"column":28},"end":{"line":13,"column":54}}],"line":13}},"s":{"0":0,"1":0,"2":0,"3":0,"4":0,"5":0},"f":{"0":0},"b":{"0":[0,0],"1":[0,0],"2":[0,0],"3":[0,0]},"_coverageSchema":"1a1c01bbd47fc00a2c39e90264f33305004495a9","hash":"f59101c86b16977dc54eae48f380ae65f7eac17d"}
,"C:\\Users\\carol\\Blogversao2\\src\\middleware\\notFound.js": {"path":"C:\\Users\\carol\\Blogversao2\\src\\middleware\\notFound.js","statementMap":{"0":{"start":{"line":2,"column":2},"end":{"line":2,"column":61}}},"fnMap":{"0":{"name":"notFound","decl":{"start":{"line":1,"column":10},"end":{"line":1,"column":18}},"loc":{"start":{"line":1,"column":35},"end":{"line":3,"column":1}},"line":1}},"branchMap":{},"s":{"0":0},"f":{"0":0},"b":{},"_coverageSchema":"1a1c01bbd47fc00a2c39e90264f33305004495a9","hash":"f2d92234cf9ddce83080a36d73b838ab97978126"}
,"C:\\Users\\carol\\Blogversao2\\src\\middleware\\validarProfessor.js": {"path":"C:\\Users\\carol\\Blogversao2\\src\\middleware\\validarProfessor.js","statementMap":{"0":{"start":{"line":11,"column":2},"end":{"line":42,"column":3}},"1":{"start":{"line":12,"column":29},"end":{"line":12,"column":37}},"2":{"start":{"line":15,"column":4},"end":{"line":17,"column":5}},"3":{"start":{"line":16,"column":6},"end":{"line":16,"column":81}},"4":{"start":{"line":20,"column":20},"end":{"line":20,"column":52}},"5":{"start":{"line":21,"column":4},"end":{"line":23,"column":5}},"6":{"start":{"line":22,"column":6},"end":{"line":22,"column":73}},"7":{"start":{"line":26,"column":25},"end":{"line":26,"column":67}},"8":{"start":{"line":27,"column":4},"end":{"line":29,"column":5}},"9":{"start":{"line":28,"column":6},"end":{"line":28,"column":65}},"10":{"start":{"line":32,"column":4},"end":{"line":34,"column":5}},"11":{"start":{"line":33,"column":6},"end":{"line":33,"column":80}},"12":{"start":{"line":37,"column":4},"end":{"line":37,"column":26}},"13":{"start":{"line":38,"column":4},"end":{"line":38,"column":11}},"14":{"start":{"line":41,"column":4},"end":{"line":41,"column":58}}},"fnMap":{"0":{"name":"validarProfessor","decl":{"start":{"line":10,"column":15},"end":{"line":10,"column":31}},"loc":{"start":{"line":10,"column":48},"end":{"line":43,"column":1}},"line":10}},"branchMap":{"0":{"loc":{"start":{"line":15,"column":4},"end":{"line":17,"column":5}},"type":"if","locations":[{"start":{"line":15,"column":4},"end":{"line":17,"column":5}},{"start":{},"end":{}}],"line":15},"1":{"loc":{"start":{"line":15,"column":8},"end":{"line":15,"column":24}},"type":"binary-expr","locations":[{"start":{"line":15,"column":8},"end":{"line":15,"column":14}},{"start":{"line":15,"column":18},"end":{"line":15,"column":24}}],"line":15},"2":{"loc":{"start":{"line":21,"column":4},"end":{"line":23,"column":5}},"type":"if","locations":[{"start":{"line":21,"column":4},"end":{"line":23,"column":5}},{"start":{},"end":{}}],"line":21},"3":{"loc":{"start":{"line":27,"column":4},"end":{"line":29,"column":5}},"type":"if","locations":[{"start":{"line":27,"column":4},"end":{"line":29,"column":5}},{"start":{},"end":{}}],"line":27},"4":{"loc":{"start":{"line":32,"column":4},"end":{"line":34,"column":5}},"type":"if","locations":[{"start":{"line":32,"column":4},"end":{"line":34,"column":5}},{"start":{},"end":{}}],"line":32}},"s":{"0":7,"1":7,"2":7,"3":0,"4":7,"5":7,"6":1,"7":6,"8":6,"9":0,"10":6,"11":0,"12":6,"13":6,"14":0},"f":{"0":7},"b":{"0":[0,7],"1":[7,7],"2":[1,6],"3":[0,6],"4":[0,6]},"_coverageSchema":"1a1c01bbd47fc00a2c39e90264f33305004495a9","hash":"34f4d857e4649c4228dfaa7eb3481906921e060e"}
,"C:\\Users\\carol\\Blogversao2\\src\\models\\Autor.js": {"path":"C:\\Users\\carol\\Blogversao2\\src\\models\\Autor.js","statementMap":{"0":{"start":{"line":3,"column":20},"end":{"line":6,"column":28}},"1":{"start":{"line":8,"column":14},"end":{"line":8,"column":52}}},"fnMap":{},"branchMap":{},"s":{"0":2,"1":2},"f":{},"b":{},"_coverageSchema":"1a1c01bbd47fc00a2c39e90264f33305004495a9","hash":"731adae54b594f91401e56730c2f068d7921f553"}
,"C:\\Users\\carol\\Blogversao2\\src\\models\\Post.js": {"path":"C:\\Users\\carol\\Blogversao2\\src\\models\\Post.js","statementMap":{"0":{"start":{"line":4,"column":19},"end":{"line":26,"column":2}},"1":{"start":{"line":28,"column":0},"end":{"line":35,"column":3}},"2":{"start":{"line":30,"column":4},"end":{"line":30,"column":107}},"3":{"start":{"line":30,"column":23},"end":{"line":30,"column":107}},"4":{"start":{"line":31,"column":4},"end":{"line":31,"column":111}},"5":{"start":{"line":31,"column":23},"end":{"line":31,"column":111}},"6":{"start":{"line":37,"column":14},"end":{"line":37,"column":49}}},"fnMap":{"0":{"name":"(anonymous_0)","decl":{"start":{"line":29,"column":13},"end":{"line":29,"column":14}},"loc":{"start":{"line":29,"column":27},"end":{"line":32,"column":3}},"line":29}},"branchMap":{"0":{"loc":{"start":{"line":30,"column":4},"end":{"line":30,"column":107}},"type":"if","locations":[{"start":{"line":30,"column":4},"end":{"line":30,"column":107}},{"start":{},"end":{}}],"line":30},"1":{"loc":{"start":{"line":31,"column":4},"end":{"line":31,"column":111}},"type":"if","locations":[{"start":{"line":31,"column":4},"end":{"line":31,"column":111}},{"start":{},"end":{}}],"line":31}},"s":{"0":2,"1":2,"2":1,"3":1,"4":1,"5":1,"6":2},"f":{"0":1},"b":{"0":[1,0],"1":[1,0]},"_coverageSchema":"1a1c01bbd47fc00a2c39e90264f33305004495a9","hash":"4fb7893bd53b1edf2fa4730513828078f101ad7a"}
,"C:\\Users\\carol\\Blogversao2\\src\\models\\Usuario.js": {"path":"C:\\Users\\carol\\Blogversao2\\src\\models\\Usuario.js","statementMap":{"0":{"start":{"line":5,"column":22},"end":{"line":10,"column":2}},"1":{"start":{"line":13,"column":16},"end":{"line":13,"column":58}}},"fnMap":{},"branchMap":{},"s":{"0":2,"1":2},"f":{},"b":{},"_coverageSchema":"1a1c01bbd47fc00a2c39e90264f33305004495a9","hash":"d8f851cae3a203aa5d28226f6bd7a411170965c7"}
,"C:\\Users\\carol\\Blogversao2\\src\\routes\\autenticacaoRoutes.js": {"path":"C:\\Users\\carol\\Blogversao2\\src\\routes\\autenticacaoRoutes.js","statementMap":{"0":{"start":{"line":4,"column":27},"end":{"line":4,"column":43}},"1":{"start":{"line":7,"column":0},"end":{"line":7,"column":78}},"2":{"start":{"line":10,"column":0},"end":{"line":10,"column":64}}},"fnMap":{},"branchMap":{},"s":{"0":2,"1":2,"2":2},"f":{},"b":{},"_coverageSchema":"1a1c01bbd47fc00a2c39e90264f33305004495a9","hash":"9429bda4709af44fdd1e57f1e1ee5ce130b94184"}
,"C:\\Users\\carol\\Blogversao2\\src\\routes\\autoresRoutes.js": {"path":"C:\\Users\\carol\\Blogversao2\\src\\routes\\autoresRoutes.js","statementMap":{"0":{"start":{"line":4,"column":22},"end":{"line":4,"column":38}},"1":{"start":{"line":6,"column":0},"end":{"line":6,"column":54}},"2":{"start":{"line":7,"column":0},"end":{"line":7,"column":60}},"3":{"start":{"line":8,"column":0},"end":{"line":8,"column":56}},"4":{"start":{"line":9,"column":0},"end":{"line":9,"column":58}},"5":{"start":{"line":10,"column":0},"end":{"line":10,"column":59}}},"fnMap":{},"branchMap":{},"s":{"0":2,"1":2,"2":2,"3":2,"4":2,"5":2},"f":{},"b":{},"_coverageSchema":"1a1c01bbd47fc00a2c39e90264f33305004495a9","hash":"796658f9bfbdff3451e2e3fa373dcdc0a34e4f97"}
,"C:\\Users\\carol\\Blogversao2\\src\\routes\\indexRoutes.js": {"path":"C:\\Users\\carol\\Blogversao2\\src\\routes\\indexRoutes.js","statementMap":{"0":{"start":{"line":5,"column":20},"end":{"line":9,"column":1}},"1":{"start":{"line":6,"column":2},"end":{"line":6,"column":33}},"2":{"start":{"line":7,"column":2},"end":{"line":7,"column":37}},"3":{"start":{"line":8,"column":2},"end":{"line":8,"column":47}}},"fnMap":{"0":{"name":"(anonymous_0)","decl":{"start":{"line":5,"column":20},"end":{"line":5,"column":21}},"loc":{"start":{"line":5,"column":29},"end":{"line":9,"column":1}},"line":5}},"branchMap":{},"s":{"0":2,"1":2,"2":2,"3":2},"f":{"0":2},"b":{},"_coverageSchema":"1a1c01bbd47fc00a2c39e90264f33305004495a9","hash":"3d74e3c10a6bd70d1d25a1a040aa88d61fa73759"}
,"C:\\Users\\carol\\Blogversao2\\src\\routes\\postsRoutes.js": {"path":"C:\\Users\\carol\\Blogversao2\\src\\routes\\postsRoutes.js","statementMap":{"0":{"start":{"line":7,"column":20},"end":{"line":7,"column":36}},"1":{"start":{"line":10,"column":0},"end":{"line":10,"column":50}},"2":{"start":{"line":11,"column":0},"end":{"line":11,"column":56}},"3":{"start":{"line":12,"column":0},"end":{"line":12,"column":49}},"4":{"start":{"line":15,"column":0},"end":{"line":15,"column":67}},"5":{"start":{"line":16,"column":0},"end":{"line":16,"column":70}},"6":{"start":{"line":17,"column":0},"end":{"line":17,"column":74}}},"fnMap":{},"branchMap":{},"s":{"0":2,"1":2,"2":2,"3":2,"4":2,"5":2,"6":2},"f":{},"b":{},"_coverageSchema":"1a1c01bbd47fc00a2c39e90264f33305004495a9","hash":"dd7106ca04630237b5e7b31464e17fed68909f7e"}
}
