TN:
SF:src\app.js
FN:15,(anonymous_0)
FNF:1
FNH:1
FNDA:1,(anonymous_0)
DA:9,2
DA:12,2
DA:15,2
DA:18,2
DA:21,2
DA:24,2
LF:6
LH:6
BRF:0
BRH:0
end_of_record
TN:
SF:src\controllers\autenticacaoController.js
FN:9,(anonymous_0)
FN:24,(anonymous_1)
FNF:2
FNH:0
FNDA:0,(anonymous_0)
FNDA:0,(anonymous_1)
DA:10,0
DA:11,0
DA:12,0
DA:13,0
DA:15,0
DA:20,0
DA:25,0
DA:26,0
DA:29,0
DA:31,0
DA:32,0
DA:34,0
DA:35,0
DA:38,0
DA:49,0
LF:15
LH:0
BRDA:29,0,0,0
BRDA:29,0,1,0
BRDA:29,1,0,0
BRDA:29,1,1,0
BRDA:32,2,0,0
BRDA:32,2,1,0
BRDA:35,3,0,0
BRDA:35,3,1,0
BRF:8
BRH:0
end_of_record
TN:
SF:src\controllers\autorController.js
FN:5,(anonymous_0)
FN:14,(anonymous_1)
FN:24,(anonymous_2)
FN:33,(anonymous_3)
FN:43,(anonymous_4)
FNF:5
FNH:0
FNDA:0,(anonymous_0)
FNDA:0,(anonymous_1)
FNDA:0,(anonymous_2)
FNDA:0,(anonymous_3)
FNDA:0,(anonymous_4)
DA:6,0
DA:7,0
DA:8,0
DA:10,0
DA:15,0
DA:16,0
DA:17,0
DA:18,0
DA:20,0
DA:25,0
DA:26,0
DA:27,0
DA:29,0
DA:34,0
DA:35,0
DA:36,0
DA:37,0
DA:39,0
DA:44,0
DA:45,0
DA:46,0
DA:47,0
DA:49,0
LF:23
LH:0
BRF:0
BRH:0
end_of_record
TN:
SF:src\controllers\postController.js
FN:6,formatarData
FN:16,(anonymous_1)
FN:22,(anonymous_2)
FN:37,(anonymous_3)
FN:58,(anonymous_4)
FN:92,(anonymous_5)
FN:117,(anonymous_6)
FN:133,(anonymous_7)
FN:149,(anonymous_8)
FNF:9
FNH:9
FNDA:6,formatarData
FNDA:1,(anonymous_1)
FNDA:1,(anonymous_2)
FNDA:2,(anonymous_3)
FNDA:2,(anonymous_4)
FNDA:2,(anonymous_5)
FNDA:2,(anonymous_6)
FNDA:2,(anonymous_7)
FNDA:1,(anonymous_8)
DA:7,6
DA:8,6
DA:9,6
DA:10,6
DA:11,6
DA:17,1
DA:18,1
DA:19,1
DA:22,1
DA:30,1
DA:32,0
DA:38,2
DA:39,2
DA:40,2
DA:42,2
DA:45,1
DA:52,0
DA:59,2
DA:60,2
DA:63,2
DA:65,2
DA:67,2
DA:76,2
DA:78,2
DA:87,0
DA:93,2
DA:94,2
DA:95,2
DA:97,2
DA:98,2
DA:100,1
DA:101,1
DA:103,1
DA:105,1
DA:112,0
DA:118,2
DA:119,2
DA:121,2
DA:122,2
DA:124,1
DA:126,1
DA:128,0
DA:134,2
DA:135,2
DA:136,2
DA:137,2
DA:139,1
DA:141,1
DA:149,1
DA:157,1
DA:159,0
LF:51
LH:45
BRDA:26,0,0,1
BRDA:26,0,1,0
BRDA:42,1,0,1
BRDA:42,1,1,1
BRDA:48,2,0,1
BRDA:48,2,1,0
BRDA:65,3,0,0
BRDA:65,3,1,2
BRDA:98,4,0,1
BRDA:98,4,1,1
BRDA:100,5,0,1
BRDA:100,5,1,0
BRDA:101,6,0,1
BRDA:101,6,1,0
BRDA:108,7,0,1
BRDA:108,7,1,0
BRDA:122,8,0,1
BRDA:122,8,1,1
BRDA:137,9,0,1
BRDA:137,9,1,1
BRDA:151,10,0,0
BRDA:151,10,1,1
BRDA:152,11,0,1
BRDA:152,11,1,0
BRF:24
BRH:16
end_of_record
TN:
SF:src\middleware\errorHandler.js
FN:1,errorHandler
FNF:1
FNH:0
FNDA:0,errorHandler
DA:2,0
DA:4,0
DA:5,0
DA:8,0
DA:9,0
DA:12,0
LF:6
LH:0
BRDA:4,0,0,0
BRDA:4,0,1,0
BRDA:8,1,0,0
BRDA:8,1,1,0
BRDA:12,2,0,0
BRDA:12,2,1,0
BRDA:13,3,0,0
BRDA:13,3,1,0
BRF:8
BRH:0
end_of_record
TN:
SF:src\middleware\notFound.js
FN:1,notFound
FNF:1
FNH:0
FNDA:0,notFound
DA:2,0
LF:1
LH:0
BRF:0
BRH:0
end_of_record
TN:
SF:src\middleware\validarProfessor.js
FN:10,validarProfessor
FNF:1
FNH:1
FNDA:7,validarProfessor
DA:11,7
DA:12,7
DA:15,7
DA:16,0
DA:20,7
DA:21,7
DA:22,1
DA:26,6
DA:27,6
DA:28,0
DA:32,6
DA:33,0
DA:37,6
DA:38,6
DA:41,0
LF:15
LH:11
BRDA:15,0,0,0
BRDA:15,0,1,7
BRDA:15,1,0,7
BRDA:15,1,1,7
BRDA:21,2,0,1
BRDA:21,2,1,6
BRDA:27,3,0,0
BRDA:27,3,1,6
BRDA:32,4,0,0
BRDA:32,4,1,6
BRF:10
BRH:7
end_of_record
TN:
SF:src\models\Autor.js
FNF:0
FNH:0
DA:3,2
DA:8,2
LF:2
LH:2
BRF:0
BRH:0
end_of_record
TN:
SF:src\models\Post.js
FN:29,(anonymous_0)
FNF:1
FNH:1
FNDA:1,(anonymous_0)
DA:4,2
DA:28,2
DA:30,1
DA:31,1
DA:37,2
LF:5
LH:5
BRDA:30,0,0,1
BRDA:30,0,1,0
BRDA:31,1,0,1
BRDA:31,1,1,0
BRF:4
BRH:2
end_of_record
TN:
SF:src\models\Usuario.js
FNF:0
FNH:0
DA:5,2
DA:13,2
LF:2
LH:2
BRF:0
BRH:0
end_of_record
TN:
SF:src\routes\autenticacaoRoutes.js
FNF:0
FNH:0
DA:4,2
DA:7,2
DA:10,2
LF:3
LH:3
BRF:0
BRH:0
end_of_record
TN:
SF:src\routes\autoresRoutes.js
FNF:0
FNH:0
DA:4,2
DA:6,2
DA:7,2
DA:8,2
DA:9,2
DA:10,2
LF:6
LH:6
BRF:0
BRH:0
end_of_record
TN:
SF:src\routes\indexRoutes.js
FN:5,(anonymous_0)
FNF:1
FNH:1
FNDA:2,(anonymous_0)
DA:5,2
DA:6,2
DA:7,2
DA:8,2
LF:4
LH:4
BRF:0
BRH:0
end_of_record
TN:
SF:src\routes\postsRoutes.js
FNF:0
FNH:0
DA:7,2
DA:10,2
DA:11,2
DA:12,2
DA:15,2
DA:16,2
DA:17,2
LF:7
LH:7
BRF:0
BRH:0
end_of_record
