TN:
SF:src\app.js
FN:13,(anonymous_0)
FNF:1
FNH:0
FNDA:0,(anonymous_0)
DA:7,1
DA:10,1
DA:13,1
DA:16,1
DA:19,1
DA:22,1
LF:6
LH:6
BRF:0
BRH:0
end_of_record
TN:
SF:src\config\dbConnect.js
FN:7,conectaNaDatabase
FN:39,disconnectTestDB
FNF:2
FNH:2
FNDA:2,conectaNaDatabase
FNDA:2,disconnectTestDB
DA:5,1
DA:8,2
DA:10,1
DA:13,1
DA:14,1
DA:17,1
DA:18,1
DA:20,0
DA:21,0
DA:24,1
DA:29,1
DA:30,1
DA:31,1
DA:33,0
DA:34,0
DA:35,0
DA:40,2
DA:41,1
DA:42,1
DA:43,1
DA:45,2
LF:21
LH:16
BRDA:8,0,0,1
BRDA:8,0,1,1
BRDA:13,1,0,1
BRDA:13,1,1,0
BRDA:21,2,0,0
BRDA:21,2,1,0
BRDA:34,3,0,0
BRDA:34,3,1,0
BRDA:40,4,0,1
BRDA:40,4,1,1
BRDA:45,5,0,2
BRDA:45,5,1,0
BRF:12
BRH:6
end_of_record
TN:
SF:src\controllers\postController.js
FN:5,formatarData
FN:16,(anonymous_1)
FN:21,(anonymous_2)
FN:35,(anonymous_3)
FN:53,(anonymous_4)
FN:80,(anonymous_5)
FN:104,(anonymous_6)
FN:120,(anonymous_7)
FN:135,(anonymous_8)
FNF:9
FNH:9
FNDA:6,formatarData
FNDA:1,(anonymous_1)
FNDA:1,(anonymous_2)
FNDA:2,(anonymous_3)
FNDA:2,(anonymous_4)
FNDA:2,(anonymous_5)
FNDA:2,(anonymous_6)
FNDA:2,(anonymous_7)
FNDA:1,(anonymous_8)
DA:6,6
DA:7,6
DA:8,6
DA:9,6
DA:10,6
DA:17,1
DA:19,1
DA:21,1
DA:28,1
DA:30,0
DA:36,2
DA:37,2
DA:38,2
DA:40,2
DA:42,1
DA:48,0
DA:54,2
DA:55,2
DA:58,2
DA:59,2
DA:61,2
DA:67,2
DA:69,2
DA:75,0
DA:81,2
DA:82,2
DA:83,2
DA:85,2
DA:86,2
DA:88,1
DA:89,1
DA:91,1
DA:93,1
DA:99,0
DA:105,2
DA:106,2
DA:108,2
DA:109,2
DA:111,1
DA:113,1
DA:115,0
DA:121,2
DA:122,2
DA:123,2
DA:125,1
DA:127,1
DA:135,1
DA:142,1
DA:144,0
LF:49
LH:43
BRDA:40,0,0,1
BRDA:40,0,1,1
BRDA:59,1,0,0
BRDA:59,1,1,2
BRDA:86,2,0,1
BRDA:86,2,1,1
BRDA:88,3,0,1
BRDA:88,3,1,0
BRDA:89,4,0,1
BRDA:89,4,1,0
BRDA:109,5,0,1
BRDA:109,5,1,1
BRDA:123,6,0,1
BRDA:123,6,1,1
BRDA:137,7,0,0
BRDA:137,7,1,1
BRF:16
BRH:12
end_of_record
TN:
SF:src\controllers\validacaoController.js
FN:9,(anonymous_0)
FN:24,(anonymous_1)
FNF:2
FNH:0
FNDA:0,(anonymous_0)
FNDA:0,(anonymous_1)
DA:10,0
DA:11,0
DA:12,0
DA:13,0
DA:15,0
DA:20,0
DA:25,0
DA:26,0
DA:29,0
DA:31,0
DA:32,0
DA:34,0
DA:35,0
DA:38,0
DA:49,0
LF:15
LH:0
BRDA:29,0,0,0
BRDA:29,0,1,0
BRDA:29,1,0,0
BRDA:29,1,1,0
BRDA:32,2,0,0
BRDA:32,2,1,0
BRDA:35,3,0,0
BRDA:35,3,1,0
BRF:8
BRH:0
end_of_record
TN:
SF:src\middleware\errorHandler.js
FN:1,errorHandler
FNF:1
FNH:0
FNDA:0,errorHandler
DA:2,0
DA:4,0
DA:5,0
DA:8,0
DA:9,0
DA:12,0
LF:6
LH:0
BRDA:4,0,0,0
BRDA:4,0,1,0
BRDA:8,1,0,0
BRDA:8,1,1,0
BRDA:12,2,0,0
BRDA:12,2,1,0
BRDA:13,3,0,0
BRDA:13,3,1,0
BRF:8
BRH:0
end_of_record
TN:
SF:src\middleware\notFound.js
FN:1,notFound
FNF:1
FNH:0
FNDA:0,notFound
DA:2,0
LF:1
LH:0
BRF:0
BRH:0
end_of_record
TN:
SF:src\middleware\validarProfessor.js
FN:10,validarProfessor
FNF:1
FNH:1
FNDA:7,validarProfessor
DA:11,7
DA:12,7
DA:15,7
DA:16,0
DA:20,7
DA:21,7
DA:22,1
DA:26,6
DA:27,6
DA:28,0
DA:32,6
DA:33,0
DA:37,6
DA:38,6
DA:41,0
LF:15
LH:11
BRDA:15,0,0,0
BRDA:15,0,1,7
BRDA:15,1,0,7
BRDA:15,1,1,7
BRDA:21,2,0,1
BRDA:21,2,1,6
BRDA:27,3,0,0
BRDA:27,3,1,6
BRDA:32,4,0,0
BRDA:32,4,1,6
BRF:10
BRH:7
end_of_record
TN:
SF:src\models\Post.js
FN:17,(anonymous_0)
FNF:1
FNH:1
FNDA:1,(anonymous_0)
DA:3,1
DA:16,1
DA:18,1
DA:19,1
DA:23,1
LF:5
LH:5
BRDA:18,0,0,1
BRDA:18,0,1,0
BRDA:19,1,0,1
BRDA:19,1,1,0
BRF:4
BRH:2
end_of_record
TN:
SF:src\models\Usuario.js
FNF:0
FNH:0
DA:5,1
DA:13,1
LF:2
LH:2
BRF:0
BRH:0
end_of_record
TN:
SF:src\routes\indexRoutes.js
FN:4,(anonymous_0)
FNF:1
FNH:1
FNDA:1,(anonymous_0)
DA:4,1
DA:5,1
DA:6,1
LF:3
LH:3
BRF:0
BRH:0
end_of_record
TN:
SF:src\routes\postsRoutes.js
FNF:0
FNH:0
DA:7,1
DA:10,1
DA:11,1
DA:12,1
DA:15,1
DA:16,1
DA:17,1
LF:7
LH:7
BRF:0
BRH:0
end_of_record
TN:
SF:src\routes\validacaoRoutes.js
FNF:0
FNH:0
DA:4,1
DA:7,1
DA:10,1
LF:3
LH:3
BRF:0
BRH:0
end_of_record
